[2026-04-11T18:07:56.665Z] ========================================
[2026-04-11T18:07:56.671Z] 🌙 Dreaming 开始执行 - 记忆整理
[2026-04-11T18:07:56.671Z] ========================================
[2026-04-11T18:07:56.672Z] 📬 检查 inbox...
[2026-04-11T18:07:56.673Z]    inbox 有 3 条待处理
[2026-04-11T18:07:56.673Z] 📋 更新任务状态...
[2026-04-11T18:07:56.675Z]    发现 8 个已完成任务
[2026-04-11T18:07:56.675Z] 🧠 整理今日记忆...
[2026-04-11T18:07:56.676Z] 📝 生成记忆摘要...
[2026-04-11T18:07:56.677Z] ========================================
[2026-04-11T18:07:56.677Z] ✅ Dreaming 执行完成
[2026-04-11T18:07:56.678Z] ========================================
[2026-04-11T19:03:35.029Z] ========================================
[2026-04-11T19:03:35.035Z] 🌙 Dreaming 开始执行 - 记忆整理
[2026-04-11T19:03:35.036Z] ========================================
[2026-04-11T19:03:35.036Z] 📬 检查 inbox...
[2026-04-11T19:03:35.037Z]    inbox 有 3 条待处理
[2026-04-11T19:03:35.038Z] 📋 更新任务状态...
[2026-04-11T19:03:35.039Z]    发现 8 个已完成任务
[2026-04-11T19:03:35.039Z] 🧠 整理今日记忆...
[2026-04-11T19:03:35.040Z] 📝 生成记忆摘要...
[2026-04-11T19:03:35.041Z] ========================================
[2026-04-11T19:03:35.042Z] ✅ Dreaming 执行完成
[2026-04-11T19:03:35.042Z] ========================================
[2026-04-21T22:23:51.335Z] ========================================
[2026-04-21T22:23:51.343Z] 🌙 Dreaming 开始执行 - 记忆整理
[2026-04-21T22:23:51.343Z] ========================================
[2026-04-21T22:23:51.343Z] 📬 检查 inbox...
[2026-04-21T22:23:51.344Z] 📋 更新任务状态...
[2026-04-21T22:23:51.344Z] 🧠 整理今日记忆...
[2026-04-21T22:23:51.345Z] 📝 生成记忆摘要...
[2026-04-21T22:23:51.346Z] ========================================
[2026-04-21T22:23:51.346Z] ✅ Dreaming 执行完成
[2026-04-21T22:23:51.346Z] ========================================
[2026-04-22T06:25:10.340463] Dreaming completed - inbox:54 items, errors:6 resolved
